<?xml version="1.0" encoding="UTF-8"?>
<!-- Generated by org.testng.reporters.JUnitReportReporter -->
<testsuite hostname="DESKTOP-52RJ0DB" failures="0" tests="5" name="loginUser_Project2.LoginValidUser" time="12.272" errors="0" timestamp="2024-01-27T23:02:01 IST" skipped="0">
  <testcase classname="loginUser_Project2.LoginValidUser" name="VerifyHomePage" time="0.024"/>
  <testcase classname="loginUser_Project2.LoginValidUser" name="SignupLoginButton" time="3.092"/>
  <testcase classname="loginUser_Project2.LoginValidUser" name="EnterLoginDetails" time="5.421"/>
  <testcase classname="loginUser_Project2.LoginValidUser" name="VerifyUsername" time="0.054"/>
  <testcase classname="loginUser_Project2.LoginValidUser" name="DeleteAccount" time="3.681"/>
</testsuite> <!-- loginUser_Project2.LoginValidUser -->
