<?xml version="1.0" encoding="UTF-8"?>
<!-- Generated by org.testng.reporters.JUnitReportReporter -->
<testsuite hostname="DESKTOP-52RJ0DB" failures="0" tests="7" name="contactUs_Project2.ContactUs" time="5.016" errors="0" timestamp="2024-01-28T10:20:13 IST" skipped="0">
  <testcase classname="contactUs_Project2.ContactUs" name="VerifyHomePage" time="0.015"/>
  <testcase classname="contactUs_Project2.ContactUs" name="clickContactUs" time="1.378"/>
  <testcase classname="contactUs_Project2.ContactUs" name="verifyGetInTouch" time="1.036"/>
  <testcase classname="contactUs_Project2.ContactUs" name="enterDetails" time="0.392"/>
  <testcase classname="contactUs_Project2.ContactUs" name="clickOK" time="0.019"/>
  <testcase classname="contactUs_Project2.ContactUs" name="verifySuccessMessage" time="0.029"/>
  <testcase classname="contactUs_Project2.ContactUs" name="clickHome" time="2.147"/>
</testsuite> <!-- contactUs_Project2.ContactUs -->
