<?xml version="1.0" encoding="UTF-8"?>
<!-- Generated by org.testng.reporters.JUnitReportReporter -->
<testsuite hostname="DESKTOP-52RJ0DB" failures="0" tests="5" name="logoutUser_Project2.LogoutUser" time="21.379" errors="0" timestamp="2024-01-27T23:56:50 IST" skipped="0">
  <testcase classname="logoutUser_Project2.LogoutUser" name="VerifyHomePage" time="0.028"/>
  <testcase classname="logoutUser_Project2.LogoutUser" name="SignupLoginButton" time="3.059"/>
  <testcase classname="logoutUser_Project2.LogoutUser" name="EnterLoginDetails" time="11.960"/>
  <testcase classname="logoutUser_Project2.LogoutUser" name="VerifyUsername" time="0.061"/>
  <testcase classname="logoutUser_Project2.LogoutUser" name="Logout" time="6.271"/>
</testsuite> <!-- logoutUser_Project2.LogoutUser -->
