<?xml version="1.0" encoding="UTF-8"?>
<!-- Generated by org.testng.reporters.JUnitReportReporter -->
<testsuite hostname="DESKTOP-52RJ0DB" failures="0" tests="3" name="verifyTestCasesPage_Project2.TestCasesPage" time="0.135" errors="0" timestamp="2024-01-28T10:33:54 IST" skipped="0">
  <testcase classname="verifyTestCasesPage_Project2.TestCasesPage" name="VerifyHomePage" time="0.017"/>
  <testcase classname="verifyTestCasesPage_Project2.TestCasesPage" name="clickTestCasesButton" time="0.069"/>
  <testcase classname="verifyTestCasesPage_Project2.TestCasesPage" name="verifyTestCasesPage" time="0.049"/>
</testsuite> <!-- verifyTestCasesPage_Project2.TestCasesPage -->
