<?xml version="1.0" encoding="UTF-8"?>
<!-- Generated by org.testng.reporters.JUnitReportReporter -->
<testsuite hostname="DESKTOP-52RJ0DB" failures="0" tests="4" name="loginInvalidUser_Project2.LoginInValidUser" time="3.208" errors="0" timestamp="2024-01-27T23:22:37 IST" skipped="0">
  <testcase classname="loginInvalidUser_Project2.LoginInValidUser" name="VerifyHomePage" time="0.024"/>
  <testcase classname="loginInvalidUser_Project2.LoginInValidUser" name="SignupLoginButton" time="2.059"/>
  <testcase classname="loginInvalidUser_Project2.LoginInValidUser" name="EnterLoginDetails" time="1.061"/>
  <testcase classname="loginInvalidUser_Project2.LoginInValidUser" name="VerifyError" time="0.064"/>
</testsuite> <!-- loginInvalidUser_Project2.LoginInValidUser -->
