<?xml version="1.0" encoding="UTF-8"?>
<!-- Generated by org.testng.reporters.JUnitReportReporter -->
<testsuite hostname="DESKTOP-52RJ0DB" failures="0" tests="4" name="registerWithEmail.RegisterUserWithEmail" time="5.639" errors="0" timestamp="2024-01-28T00:13:03 IST" skipped="0">
  <testcase classname="registerWithEmail.RegisterUserWithEmail" name="VerifyHomePage" time="0.031"/>
  <testcase classname="registerWithEmail.RegisterUserWithEmail" name="SignupLoginButton" time="3.235"/>
  <testcase classname="registerWithEmail.RegisterUserWithEmail" name="EnterSignupDetails" time="2.318"/>
  <testcase classname="registerWithEmail.RegisterUserWithEmail" name="VerifyError" time="0.055"/>
</testsuite> <!-- registerWithEmail.RegisterUserWithEmail -->
